        -:    0:Source:cardtest1.c
        -:    0:Programs:7
        -:    1:#include "dominion.h"
        -:    2:#include "dominion_helpers.h"
        -:    3:#include <string.h>
        -:    4:#include <stdio.h>
        -:    5:#include <assert.h>
        -:    6:#include "rngs.h"
        -:    7:#include <stdlib.h>
        -:    8:
function main called 1 returned 100% blocks executed 92%
        1:    9:int main() {
        -:   10:	struct gameState G;
        1:   11:	int seed=1000;
        1:   12:	int numPlayers=2;
        1:   13:	int k[10] = {adventurer, embargo, village, minion, mine, cutpurse, sea_hag, tribute, smithy, council_room};
        1:   14:	initializeGame(numPlayers, k, seed, &G);
call    0 returned 100%
        1:   15:	int count1=numHandCards(&G);
call    0 returned 100%
        1:   16:	int value=smithCard(0,0,&G,0);
call    0 returned 100%
        1:   17:	int count2=numHandCards(&G);
call    0 returned 100%
        1:   18:	count1+=3;
        1:   19:	printf("Testing for end of function: expected: 0, actual: %d\n", value);
call    0 returned 100%
        1:   20:	printf("Testing number of cards after use: expected: %d, actual: %d\n", count1, count2);
call    0 returned 100%
        1:   21:	if(value!=0 || count1!=count2){
branch  0 taken 100% (fallthrough)
branch  1 taken 0%
branch  2 taken 100% (fallthrough)
branch  3 taken 0%
        1:   22:		printf("TESTING FAILED\n");
call    0 returned 100%
        -:   23:	}
        -:   24:	else{
    #####:   25:		printf("TESTING SUCCEEDED\n");
call    0 never executed
        -:   26:	}
        -:   27:}
