        -:    0:Source:cardtest3.c
        -:    0:Programs:7
        -:    1:#include "dominion.h"
        -:    2:#include "dominion_helpers.h"
        -:    3:#include <string.h>
        -:    4:#include <stdio.h>
        -:    5:#include <assert.h>
        -:    6:#include "rngs.h"
        -:    7:#include <stdlib.h>
        -:    8:
function main called 2 returned 100% blocks executed 93%
        2:    9:int main() {
        -:   10:	struct gameState G;
        2:   11:	int seed=1000;
        2:   12:	int numPlayers=2;
        2:   13:	int k[10] = {adventurer, embargo, village, minion, mine, cutpurse, sea_hag, tribute, smithy, council_room};
        2:   14:	initializeGame(numPlayers, k, seed, &G);
call    0 returned 100%
        2:   15:	int value=greatHallCard(0,&G,0);
call    0 returned 100%
        2:   16:	printf("Testing for end of function: expected: 0, actual: %d\n", value);
call    0 returned 100%
        2:   17:	printf("Testing for number of actions: expected: 2, actual: %d\n", G.numActions);
call    0 returned 100%
        2:   18:	printf("Testing for number of cards after function: expected: 5, actual: %d\n", numHandCards(&G));
call    0 returned 100%
call    1 returned 100%
        2:   19:	if(value!=0 || G.numActions!=2 || numHandCards(&G)!=5){
branch  0 taken 100% (fallthrough)
branch  1 taken 0%
branch  2 taken 100% (fallthrough)
branch  3 taken 0%
call    4 returned 100%
branch  5 taken 0% (fallthrough)
branch  6 taken 100%
    #####:   20:		printf("TEST FAILED\n");
call    0 never executed
        -:   21:	}
        -:   22:	else{
        2:   23:		printf("TESTING SUCCEEDED\n");
call    0 returned 100%
        -:   24:	}
        -:   25:
        -:   26:}
