        -:    0:Source:unittest4.c
        -:    0:Programs:7
        -:    1:#include "dominion.h"
        -:    2:#include "dominion_helpers.h"
        -:    3:#include <string.h>
        -:    4:#include <stdio.h>
        -:    5:#include <assert.h>
        -:    6:#include "rngs.h"
        -:    7:#include <stdlib.h>
        -:    8:
function main called 1 returned 100% blocks executed 88%
        1:    9:int main() {
        -:   10:	struct gameState G;
        1:   11:	int seed=1000;
        1:   12:	int numPlayers=2;
        1:   13:	int k[10] = {adventurer, embargo, village, minion, mine, cutpurse, sea_hag, tribute, smithy, council_room};
        1:   14:	initializeGame(numPlayers, k, seed, &G);
call    0 returned 100%
        1:   15:	int value=supplyCount(0,&G);
call    0 returned 100%
        1:   16:	printf("Testing the supply count: expected: 10 actual: %d\n", value);
call    0 returned 100%
        1:   17:	if(value!=10){
branch  0 taken 0% (fallthrough)
branch  1 taken 100%
    #####:   18:		printf("TESTING FAILED\n");
call    0 never executed
        -:   19:	}
        -:   20:	else{
        1:   21:		printf("TESTING SUCCEEDED\n");
call    0 returned 100%
        -:   22:	}
        -:   23:}
